<?xml version="1.0" encoding="UTF-8"?>
<testng-results skipped="0" failed="0" total="1" passed="1">
  <reporter-output>
  </reporter-output>
  <suite name="Default suite" duration-ms="38132" started-at="2016-11-04T15:05:38Z" finished-at="2016-11-04T15:06:16Z">
    <groups>
    </groups>
    <test name="Default test" duration-ms="38132" started-at="2016-11-04T15:05:38Z" finished-at="2016-11-04T15:06:16Z">
      <class name="testCases.VerifyViewSystemUsersPage">
        <test-method status="PASS" signature="setup()[pri:0, instance:testCases.VerifyViewSystemUsersPage@47c62251]" name="setup" is-config="true" duration-ms="16567" started-at="2016-11-04T20:35:38Z" finished-at="2016-11-04T20:35:54Z">
          <reporter-output>
          </reporter-output>
        </test-method> <!-- setup -->
        <test-method status="PASS" signature="testSignin()[pri:0, instance:testCases.VerifyViewSystemUsersPage@47c62251]" name="testSignin" duration-ms="21536" started-at="2016-11-04T20:35:54Z" finished-at="2016-11-04T20:36:16Z">
          <reporter-output>
          </reporter-output>
        </test-method> <!-- testSignin -->
        <test-method status="PASS" signature="tearDown()[pri:0, instance:testCases.VerifyViewSystemUsersPage@47c62251]" name="tearDown" is-config="true" duration-ms="0" started-at="2016-11-04T20:36:16Z" finished-at="2016-11-04T20:36:16Z">
          <reporter-output>
          </reporter-output>
        </test-method> <!-- tearDown -->
      </class> <!-- testCases.VerifyViewSystemUsersPage -->
    </test> <!-- Default test -->
  </suite> <!-- Default suite -->
</testng-results>
